00:21:46.087 INFO  Loading commands... 
00:21:46.268 DEBUG Skipping slash command avatar. Disabled! 
00:21:46.269 DEBUG Skipping slash command botinvite. Disabled! 
00:21:46.272 DEBUG Skipping slash command botstats. Disabled! 
00:21:46.274 DEBUG Skipping slash command channelinfo. Disabled! 
00:21:46.275 DEBUG Skipping slash command emojiinfo. Disabled! 
00:21:46.283 DEBUG Skipping slash command guildinfo. Disabled! 
00:21:46.299 DEBUG Skipping command bot. Disabled! 
00:21:46.300 DEBUG Skipping command info. Disabled! 
00:21:46.308 DEBUG Skipping slash command uptime. Disabled! 
00:21:46.309 DEBUG Skipping slash command userinfo. Disabled! 
00:21:46.328 DEBUG Skipping slash command deafen. Disabled! 
00:21:46.337 DEBUG Skipping slash command disconnect. Disabled! 
00:21:46.339 DEBUG Skipping slash command move. Disabled! 
00:21:46.340 DEBUG Skipping slash command purge. Disabled! 
00:21:46.353 DEBUG Skipping slash command purgeattach. Disabled! 
00:21:46.354 DEBUG Skipping slash command purgebots. Disabled! 
00:21:46.357 DEBUG Skipping slash command purgelinks. Disabled! 
00:21:46.361 DEBUG Skipping slash command purgetoken. Disabled! 
00:21:46.362 DEBUG Skipping slash command purgeuser. Disabled! 
00:21:46.368 DEBUG Skipping command purge. Disabled! 
00:21:46.371 DEBUG Skipping command voice. Disabled! 
00:21:46.382 DEBUG Skipping slash command undeafen. Disabled! 
00:21:46.383 DEBUG Skipping slash command vmute. Disabled! 
00:21:46.384 DEBUG Skipping slash command vunmute. Disabled! 
00:21:46.449 INFO  Loaded 94 commands 
00:21:46.449 INFO  Loaded 78 slash commands 
00:21:46.450 INFO  Loading contexts... 
00:21:46.452 INFO  Loaded 2 USER contexts 
00:21:46.452 INFO  Loaded 0 MESSAGE contexts 
00:21:46.453 INFO  Loading events... 
00:21:46.627 INFO  Loaded 22 events. Success (22) Failed (0) 
00:21:47.045 WARN  VersionCheck: 4.2.1 update is available 
00:21:47.049 WARN  download: https://github.com/saiteja-madha/discord-js-bot/releases/latest 
00:21:47.051 INFO  Validating config.js and environment variables 
00:21:47.054 INFO  Connecting to MongoDb... 
00:21:48.473 INFO  Mongoose: Database connection established 
00:21:52.406 INFO  Logged in as Mocy#5428! (936627481442672710) 
00:21:52.406 INFO  Initializing music manager 
00:21:52.513 INFO  Node "lavalink-repl.parasop.repl.co" connected 
00:21:52.702 INFO  Successfully registered slash commands 
05:37:13.999 INFO  Loading commands... 
05:37:14.111 DEBUG Skipping slash command avatar. Disabled! 
05:37:14.112 DEBUG Skipping slash command botinvite. Disabled! 
05:37:14.115 DEBUG Skipping slash command botstats. Disabled! 
05:37:14.121 DEBUG Skipping slash command channelinfo. Disabled! 
05:37:14.122 DEBUG Skipping slash command emojiinfo. Disabled! 
05:37:14.124 DEBUG Skipping slash command guildinfo. Disabled! 
05:37:14.133 DEBUG Skipping command bot. Disabled! 
05:37:14.188 DEBUG Skipping command info. Disabled! 
05:37:14.189 DEBUG Skipping slash command uptime. Disabled! 
05:37:14.191 DEBUG Skipping slash command userinfo. Disabled! 
05:37:14.204 DEBUG Skipping slash command deafen. Disabled! 
05:37:14.206 DEBUG Skipping slash command disconnect. Disabled! 
05:37:14.208 DEBUG Skipping slash command move. Disabled! 
05:37:14.209 DEBUG Skipping slash command purge. Disabled! 
05:37:14.210 DEBUG Skipping slash command purgeattach. Disabled! 
05:37:14.211 DEBUG Skipping slash command purgebots. Disabled! 
05:37:14.212 DEBUG Skipping slash command purgelinks. Disabled! 
05:37:14.213 DEBUG Skipping slash command purgetoken. Disabled! 
05:37:14.213 DEBUG Skipping slash command purgeuser. Disabled! 
05:37:14.215 DEBUG Skipping command purge. Disabled! 
05:37:14.217 DEBUG Skipping command voice. Disabled! 
05:37:14.219 DEBUG Skipping slash command undeafen. Disabled! 
05:37:14.220 DEBUG Skipping slash command vmute. Disabled! 
05:37:14.221 DEBUG Skipping slash command vunmute. Disabled! 
05:37:14.310 INFO  Loaded 94 commands 
05:37:14.311 INFO  Loaded 78 slash commands 
05:37:14.311 INFO  Loading contexts... 
05:37:14.314 INFO  Loaded 2 USER contexts 
05:37:14.315 INFO  Loaded 0 MESSAGE contexts 
05:37:14.315 INFO  Loading events... 
05:37:14.418 INFO  Loaded 22 events. Success (22) Failed (0) 
05:37:14.730 WARN  VersionCheck: 4.2.1 update is available 
05:37:14.730 WARN  download: https://github.com/saiteja-madha/discord-js-bot/releases/latest 
05:37:14.731 INFO  Validating config.js and environment variables 
05:37:14.731 INFO  Connecting to MongoDb... 
05:37:16.085 INFO  Mongoose: Database connection established 
05:37:18.995 INFO  Logged in as Mocy#5428! (936627481442672710) 
05:37:18.996 INFO  Initializing music manager 
05:37:19.097 INFO  Node "lavalink-repl.parasop.repl.co" connected 
05:37:19.220 INFO  Successfully registered slash commands 
21:22:22.935 INFO  Loading commands... 
21:22:23.116 DEBUG Skipping slash command avatar. Disabled! 
21:22:23.118 DEBUG Skipping slash command botinvite. Disabled! 
21:22:23.123 DEBUG Skipping slash command botstats. Disabled! 
21:22:23.125 DEBUG Skipping slash command channelinfo. Disabled! 
21:22:23.128 DEBUG Skipping slash command emojiinfo. Disabled! 
21:22:23.131 DEBUG Skipping slash command guildinfo. Disabled! 
21:22:23.142 DEBUG Skipping command bot. Disabled! 
21:22:23.144 DEBUG Skipping command info. Disabled! 
21:22:23.145 DEBUG Skipping slash command uptime. Disabled! 
21:22:23.146 DEBUG Skipping slash command userinfo. Disabled! 
21:22:23.162 DEBUG Skipping slash command deafen. Disabled! 
21:22:23.163 DEBUG Skipping slash command disconnect. Disabled! 
21:22:23.165 DEBUG Skipping slash command move. Disabled! 
21:22:23.166 DEBUG Skipping slash command purge. Disabled! 
21:22:23.167 DEBUG Skipping slash command purgeattach. Disabled! 
21:22:23.168 DEBUG Skipping slash command purgebots. Disabled! 
21:22:23.169 DEBUG Skipping slash command purgelinks. Disabled! 
21:22:23.170 DEBUG Skipping slash command purgetoken. Disabled! 
21:22:23.171 DEBUG Skipping slash command purgeuser. Disabled! 
21:22:23.216 DEBUG Skipping command purge. Disabled! 
21:22:23.218 DEBUG Skipping command voice. Disabled! 
21:22:23.224 DEBUG Skipping slash command undeafen. Disabled! 
21:22:23.230 DEBUG Skipping slash command vmute. Disabled! 
21:22:23.232 DEBUG Skipping slash command vunmute. Disabled! 
21:22:23.277 INFO  Loaded 94 commands 
21:22:23.284 INFO  Loaded 78 slash commands 
21:22:23.285 INFO  Loading contexts... 
21:22:23.289 INFO  Loaded 2 USER contexts 
21:22:23.290 INFO  Loaded 0 MESSAGE contexts 
21:22:23.291 INFO  Loading events... 
21:22:23.497 INFO  Loaded 22 events. Success (22) Failed (0) 
21:22:23.918 WARN  VersionCheck: 4.2.1 update is available 
21:22:23.918 WARN  download: https://github.com/saiteja-madha/discord-js-bot/releases/latest 
21:22:23.920 INFO  Validating config.js and environment variables 
21:22:23.921 INFO  Connecting to MongoDb... 
21:22:25.383 INFO  Mongoose: Database connection established 
22:13:54.013 INFO  Logged in as Mocy#5428! (936627481442672710) 
22:13:54.013 INFO  Initializing music manager 
22:13:54.387 INFO  Node "lavalink-repl.parasop.repl.co" connected 
22:13:54.437 INFO  Successfully registered slash commands 
22:42:24.155 WARN  Node "lavalink-repl.parasop.repl.co" is reconnecting 
22:44:24.207 ERROR Unexpected server response: 502
{}
Error: Unexpected server response: 502
    at ClientRequest.<anonymous> (/home/runner/discord-js-bot/node_modules/erela.js/node_modules/ws/lib/websocket.js:767:7)
    at ClientRequest.emit (node:events:390:28)
    at HTTPParser.parserOnIncomingClient [as onIncoming] (node:_http_client:623:27)
    at HTTPParser.parserOnHeadersComplete (node:_http_common:128:17)
    at TLSSocket.socketOnData (node:_http_client:487:22)
    at TLSSocket.emit (node:events:390:28)
    at addChunk (node:internal/streams/readable:315:12)
    at readableAddChunk (node:internal/streams/readable:289:9)
    at TLSSocket.Readable.push (node:internal/streams/readable:228:10)
    at TLSWrap.onStreamRead (node:internal/stream_base_commons:199:23) 
22:44:29.210 WARN  Node "lavalink-repl.parasop.repl.co" is reconnecting 
22:46:29.240 ERROR Unexpected server response: 502
{}
Error: Unexpected server response: 502
    at ClientRequest.<anonymous> (/home/runner/discord-js-bot/node_modules/erela.js/node_modules/ws/lib/websocket.js:767:7)
    at ClientRequest.emit (node:events:390:28)
    at HTTPParser.parserOnIncomingClient [as onIncoming] (node:_http_client:623:27)
    at HTTPParser.parserOnHeadersComplete (node:_http_common:128:17)
    at TLSSocket.socketOnData (node:_http_client:487:22)
    at TLSSocket.emit (node:events:390:28)
    at addChunk (node:internal/streams/readable:315:12)
    at readableAddChunk (node:internal/streams/readable:289:9)
    at TLSSocket.Readable.push (node:internal/streams/readable:228:10)
    at TLSWrap.onStreamRead (node:internal/stream_base_commons:199:23) 
22:46:34.242 WARN  Node "lavalink-repl.parasop.repl.co" is reconnecting 
22:47:18.091 INFO  Node "lavalink-repl.parasop.repl.co" connected 

