00:01:11.512 INFO  Node "lavalink-repl.parasop.repl.co" connected 
05:49:36.260 INFO  Loading commands... 
05:49:36.506 DEBUG Skipping slash command avatar. Disabled! 
05:49:36.511 DEBUG Skipping slash command botinvite. Disabled! 
05:49:36.516 DEBUG Skipping slash command botstats. Disabled! 
05:49:36.517 DEBUG Skipping slash command channelinfo. Disabled! 
05:49:36.518 DEBUG Skipping slash command emojiinfo. Disabled! 
05:49:36.519 DEBUG Skipping slash command guildinfo. Disabled! 
05:49:36.526 DEBUG Skipping command bot. Disabled! 
05:49:36.527 DEBUG Skipping command info. Disabled! 
05:49:36.528 DEBUG Skipping slash command uptime. Disabled! 
05:49:36.529 DEBUG Skipping slash command userinfo. Disabled! 
05:49:36.547 DEBUG Skipping slash command deafen. Disabled! 
05:49:36.548 DEBUG Skipping slash command disconnect. Disabled! 
05:49:36.550 DEBUG Skipping slash command move. Disabled! 
05:49:36.551 DEBUG Skipping slash command purge. Disabled! 
05:49:36.551 DEBUG Skipping slash command purgeattach. Disabled! 
05:49:36.552 DEBUG Skipping slash command purgebots. Disabled! 
05:49:36.553 DEBUG Skipping slash command purgelinks. Disabled! 
05:49:36.553 DEBUG Skipping slash command purgetoken. Disabled! 
05:49:36.554 DEBUG Skipping slash command purgeuser. Disabled! 
05:49:36.556 DEBUG Skipping command purge. Disabled! 
05:49:36.566 DEBUG Skipping command voice. Disabled! 
05:49:36.568 DEBUG Skipping slash command undeafen. Disabled! 
05:49:36.574 DEBUG Skipping slash command vmute. Disabled! 
05:49:36.575 DEBUG Skipping slash command vunmute. Disabled! 
05:49:36.643 INFO  Loaded 94 commands 
05:49:36.648 INFO  Loaded 78 slash commands 
05:49:36.649 INFO  Loading contexts... 
05:49:36.658 INFO  Loaded 2 USER contexts 
05:49:36.658 INFO  Loaded 0 MESSAGE contexts 
05:49:36.659 INFO  Loading events... 
05:49:36.851 INFO  Loaded 22 events. Success (22) Failed (0) 
05:49:37.409 WARN  VersionCheck: 4.2.1 update is available 
05:49:37.409 WARN  download: https://github.com/saiteja-madha/discord-js-bot/releases/latest 
05:49:37.416 INFO  Validating config.js and environment variables 
05:49:37.416 INFO  Connecting to MongoDb... 
05:49:38.874 INFO  Mongoose: Database connection established 
07:34:53.443 INFO  Loading commands... 
07:34:54.155 DEBUG Skipping slash command avatar. Disabled! 
07:34:54.157 DEBUG Skipping slash command botinvite. Disabled! 
07:34:54.160 DEBUG Skipping slash command botstats. Disabled! 
07:34:54.165 DEBUG Skipping slash command channelinfo. Disabled! 
07:34:54.166 DEBUG Skipping slash command emojiinfo. Disabled! 
07:34:54.187 DEBUG Skipping slash command guildinfo. Disabled! 
07:34:54.220 DEBUG Skipping command bot. Disabled! 
07:34:54.221 DEBUG Skipping command info. Disabled! 
07:34:54.222 DEBUG Skipping slash command uptime. Disabled! 
07:34:54.239 DEBUG Skipping slash command userinfo. Disabled! 
07:34:54.385 DEBUG Skipping slash command deafen. Disabled! 
07:34:54.387 DEBUG Skipping slash command disconnect. Disabled! 
07:34:54.425 DEBUG Skipping slash command move. Disabled! 
07:34:54.437 DEBUG Skipping slash command purge. Disabled! 
07:34:54.442 DEBUG Skipping slash command purgeattach. Disabled! 
07:34:54.450 DEBUG Skipping slash command purgebots. Disabled! 
07:34:54.456 DEBUG Skipping slash command purgelinks. Disabled! 
07:34:54.462 DEBUG Skipping slash command purgetoken. Disabled! 
07:34:54.467 DEBUG Skipping slash command purgeuser. Disabled! 
07:34:54.498 DEBUG Skipping command purge. Disabled! 
07:34:54.500 DEBUG Skipping command voice. Disabled! 
07:34:54.509 DEBUG Skipping slash command undeafen. Disabled! 
07:34:54.511 DEBUG Skipping slash command vmute. Disabled! 
07:34:54.512 DEBUG Skipping slash command vunmute. Disabled! 
07:34:54.866 INFO  Loaded 94 commands 
07:34:54.867 INFO  Loaded 78 slash commands 
07:34:54.869 INFO  Loading contexts... 
07:34:54.880 INFO  Loaded 2 USER contexts 
07:34:54.884 INFO  Loaded 0 MESSAGE contexts 
07:34:54.886 INFO  Loading events... 
07:34:55.267 INFO  Loaded 22 events. Success (22) Failed (0) 
07:34:55.870 WARN  VersionCheck: 4.2.1 update is available 
07:34:55.870 WARN  download: https://github.com/saiteja-madha/discord-js-bot/releases/latest 
07:34:55.871 INFO  Validating config.js and environment variables 
07:34:55.871 INFO  Connecting to MongoDb... 
07:34:57.354 INFO  Mongoose: Database connection established 
11:20:41.282 INFO  Loading commands... 
11:20:42.146 DEBUG Skipping slash command avatar. Disabled! 
11:20:42.170 DEBUG Skipping slash command botinvite. Disabled! 
11:20:42.206 DEBUG Skipping slash command botstats. Disabled! 
11:20:42.225 DEBUG Skipping slash command channelinfo. Disabled! 
11:20:42.226 DEBUG Skipping slash command emojiinfo. Disabled! 
11:20:42.227 DEBUG Skipping slash command guildinfo. Disabled! 
11:20:42.353 DEBUG Skipping command bot. Disabled! 
11:20:42.362 DEBUG Skipping command info. Disabled! 
11:20:42.370 DEBUG Skipping slash command uptime. Disabled! 
11:20:42.384 DEBUG Skipping slash command userinfo. Disabled! 
11:20:42.519 DEBUG Skipping slash command deafen. Disabled! 
11:20:42.522 DEBUG Skipping slash command disconnect. Disabled! 
11:20:42.552 DEBUG Skipping slash command move. Disabled! 
11:20:42.573 DEBUG Skipping slash command purge. Disabled! 
11:20:42.573 DEBUG Skipping slash command purgeattach. Disabled! 
11:20:42.587 DEBUG Skipping slash command purgebots. Disabled! 
11:20:42.588 DEBUG Skipping slash command purgelinks. Disabled! 
11:20:42.589 DEBUG Skipping slash command purgetoken. Disabled! 
11:20:42.616 DEBUG Skipping slash command purgeuser. Disabled! 
11:20:42.657 DEBUG Skipping command purge. Disabled! 
11:20:42.673 DEBUG Skipping command voice. Disabled! 
11:20:42.725 DEBUG Skipping slash command undeafen. Disabled! 
11:20:42.726 DEBUG Skipping slash command vmute. Disabled! 
11:20:42.727 DEBUG Skipping slash command vunmute. Disabled! 
11:20:43.357 INFO  Loaded 94 commands 
11:20:43.360 INFO  Loaded 78 slash commands 
11:20:43.362 INFO  Loading contexts... 
11:20:43.393 INFO  Loaded 2 USER contexts 
11:20:43.395 INFO  Loaded 0 MESSAGE contexts 
11:20:43.396 INFO  Loading events... 
11:20:44.353 INFO  Loaded 22 events. Success (22) Failed (0) 
11:20:45.193 WARN  VersionCheck: 4.2.1 update is available 
11:20:45.194 WARN  download: https://github.com/saiteja-madha/discord-js-bot/releases/latest 
11:20:45.194 INFO  Validating config.js and environment variables 
11:20:45.199 INFO  Connecting to MongoDb... 
11:20:47.048 INFO  Mongoose: Database connection established 
11:20:57.206 INFO  Logged in as Mocy#5428! (936627481442672710) 
11:20:57.206 INFO  Initializing music manager 
11:20:58.759 INFO  Successfully registered slash commands 
11:20:58.857 INFO  Node "lavalink-repl.parasop.repl.co" connected 
16:35:41.401 INFO  Loading commands... 
16:35:42.147 DEBUG Skipping slash command avatar. Disabled! 
16:35:42.148 DEBUG Skipping slash command botinvite. Disabled! 
16:35:42.163 DEBUG Skipping slash command botstats. Disabled! 
16:35:42.165 DEBUG Skipping slash command channelinfo. Disabled! 
16:35:42.166 DEBUG Skipping slash command emojiinfo. Disabled! 
16:35:42.191 DEBUG Skipping slash command guildinfo. Disabled! 
16:35:42.210 DEBUG Skipping command bot. Disabled! 
16:35:42.224 DEBUG Skipping command info. Disabled! 
16:35:42.230 DEBUG Skipping slash command uptime. Disabled! 
16:35:42.231 DEBUG Skipping slash command userinfo. Disabled! 
16:35:42.327 DEBUG Skipping slash command deafen. Disabled! 
16:35:42.328 DEBUG Skipping slash command disconnect. Disabled! 
16:35:42.330 DEBUG Skipping slash command move. Disabled! 
16:35:42.353 DEBUG Skipping slash command purge. Disabled! 
16:35:42.354 DEBUG Skipping slash command purgeattach. Disabled! 
16:35:42.355 DEBUG Skipping slash command purgebots. Disabled! 
16:35:42.355 DEBUG Skipping slash command purgelinks. Disabled! 
16:35:42.356 DEBUG Skipping slash command purgetoken. Disabled! 
16:35:42.356 DEBUG Skipping slash command purgeuser. Disabled! 
16:35:42.358 DEBUG Skipping command purge. Disabled! 
16:35:42.383 DEBUG Skipping command voice. Disabled! 
16:35:42.384 DEBUG Skipping slash command undeafen. Disabled! 
16:35:42.386 DEBUG Skipping slash command vmute. Disabled! 
16:35:42.423 DEBUG Skipping slash command vunmute. Disabled! 
16:35:42.596 INFO  Loaded 94 commands 
16:35:42.598 INFO  Loaded 78 slash commands 
16:35:42.599 INFO  Loading contexts... 
16:35:42.603 INFO  Loaded 2 USER contexts 
16:35:42.604 INFO  Loaded 0 MESSAGE contexts 
16:35:42.605 INFO  Loading events... 
16:35:42.935 INFO  Loaded 22 events. Success (22) Failed (0) 
16:35:43.570 WARN  VersionCheck: 4.2.1 update is available 
16:35:43.571 WARN  download: https://github.com/saiteja-madha/discord-js-bot/releases/latest 
16:35:43.571 INFO  Validating config.js and environment variables 
16:35:43.573 INFO  Connecting to MongoDb... 
16:35:45.398 INFO  Mongoose: Database connection established 
18:35:17.840 INFO  Loading commands... 
18:35:18.691 DEBUG Skipping slash command avatar. Disabled! 
18:35:18.703 DEBUG Skipping slash command botinvite. Disabled! 
18:35:18.725 DEBUG Skipping slash command botstats. Disabled! 
18:35:18.743 DEBUG Skipping slash command channelinfo. Disabled! 
18:35:18.746 DEBUG Skipping slash command emojiinfo. Disabled! 
18:35:18.759 DEBUG Skipping slash command guildinfo. Disabled! 
18:35:18.812 DEBUG Skipping command bot. Disabled! 
18:35:18.813 DEBUG Skipping command info. Disabled! 
18:35:18.823 DEBUG Skipping slash command uptime. Disabled! 
18:35:18.826 DEBUG Skipping slash command userinfo. Disabled! 
18:35:18.923 DEBUG Skipping slash command deafen. Disabled! 
18:35:18.951 DEBUG Skipping slash command disconnect. Disabled! 
18:35:18.962 DEBUG Skipping slash command move. Disabled! 
18:35:18.979 DEBUG Skipping slash command purge. Disabled! 
18:35:18.985 DEBUG Skipping slash command purgeattach. Disabled! 
18:35:18.986 DEBUG Skipping slash command purgebots. Disabled! 
18:35:18.986 DEBUG Skipping slash command purgelinks. Disabled! 
18:35:19.004 DEBUG Skipping slash command purgetoken. Disabled! 
18:35:19.011 DEBUG Skipping slash command purgeuser. Disabled! 
18:35:19.026 DEBUG Skipping command purge. Disabled! 
18:35:19.039 DEBUG Skipping command voice. Disabled! 
18:35:19.049 DEBUG Skipping slash command undeafen. Disabled! 
18:35:19.050 DEBUG Skipping slash command vmute. Disabled! 
18:35:19.074 DEBUG Skipping slash command vunmute. Disabled! 
18:35:19.285 INFO  Loaded 94 commands 
18:35:19.286 INFO  Loaded 78 slash commands 
18:35:19.286 INFO  Loading contexts... 
18:35:19.320 INFO  Loaded 2 USER contexts 
18:35:19.321 INFO  Loaded 0 MESSAGE contexts 
18:35:19.334 INFO  Loading events... 
18:35:19.768 INFO  Loaded 22 events. Success (22) Failed (0) 
18:35:20.370 WARN  VersionCheck: 4.2.1 update is available 
18:35:20.370 WARN  download: https://github.com/saiteja-madha/discord-js-bot/releases/latest 
18:35:20.387 INFO  Validating config.js and environment variables 
18:35:20.388 INFO  Connecting to MongoDb... 
18:35:22.395 INFO  Mongoose: Database connection established 
18:35:34.690 INFO  Logged in as Mocy#5428! (936627481442672710) 
18:35:34.696 INFO  Initializing music manager 
18:35:35.778 INFO  Node "lavalink-repl.parasop.repl.co" connected 
18:35:35.912 INFO  Successfully registered slash commands 
