01:12:06.960 INFO  Loading commands... 
01:12:07.183 DEBUG Skipping slash command avatar. Disabled! 
01:12:07.185 DEBUG Skipping slash command botinvite. Disabled! 
01:12:07.188 DEBUG Skipping slash command botstats. Disabled! 
01:12:07.190 DEBUG Skipping slash command channelinfo. Disabled! 
01:12:07.192 DEBUG Skipping slash command emojiinfo. Disabled! 
01:12:07.196 DEBUG Skipping slash command guildinfo. Disabled! 
01:12:07.211 DEBUG Skipping command bot. Disabled! 
01:12:07.215 DEBUG Skipping command info. Disabled! 
01:12:07.244 DEBUG Skipping slash command uptime. Disabled! 
01:12:07.253 DEBUG Skipping slash command userinfo. Disabled! 
01:12:07.291 DEBUG Skipping slash command deafen. Disabled! 
01:12:07.293 DEBUG Skipping slash command disconnect. Disabled! 
01:12:07.295 DEBUG Skipping slash command move. Disabled! 
01:12:07.298 DEBUG Skipping slash command purge. Disabled! 
01:12:07.299 DEBUG Skipping slash command purgeattach. Disabled! 
01:12:07.299 DEBUG Skipping slash command purgebots. Disabled! 
01:12:07.301 DEBUG Skipping slash command purgelinks. Disabled! 
01:12:07.302 DEBUG Skipping slash command purgetoken. Disabled! 
01:12:07.303 DEBUG Skipping slash command purgeuser. Disabled! 
01:12:07.311 DEBUG Skipping command purge. Disabled! 
01:12:07.314 DEBUG Skipping command voice. Disabled! 
01:12:07.317 DEBUG Skipping slash command undeafen. Disabled! 
01:12:07.320 DEBUG Skipping slash command vmute. Disabled! 
01:12:07.321 DEBUG Skipping slash command vunmute. Disabled! 
01:12:07.402 INFO  Loaded 94 commands 
01:12:07.403 INFO  Loaded 78 slash commands 
01:12:07.403 INFO  Loading contexts... 
01:12:07.408 INFO  Loaded 2 USER contexts 
01:12:07.409 INFO  Loaded 0 MESSAGE contexts 
01:12:07.409 INFO  Loading events... 
01:12:07.591 INFO  Loaded 22 events. Success (22) Failed (0) 
01:12:08.258 WARN  VersionCheck: 4.2.1 update is available 
01:12:08.258 WARN  download: https://github.com/saiteja-madha/discord-js-bot/releases/latest 
01:12:08.259 INFO  Validating config.js and environment variables 
01:12:08.259 INFO  Connecting to MongoDb... 
01:12:09.754 INFO  Mongoose: Database connection established 
01:12:13.622 INFO  Logged in as Mocy#5428! (936627481442672710) 
01:12:13.623 INFO  Initializing music manager 
01:12:13.841 INFO  Node "lavalink-repl.parasop.repl.co" connected 
01:12:14.086 INFO  Successfully registered slash commands 
09:11:42.659 INFO  Loading commands... 
09:11:42.775 DEBUG Skipping slash command avatar. Disabled! 
09:11:42.776 DEBUG Skipping slash command botinvite. Disabled! 
09:11:42.779 DEBUG Skipping slash command botstats. Disabled! 
09:11:42.780 DEBUG Skipping slash command channelinfo. Disabled! 
09:11:42.781 DEBUG Skipping slash command emojiinfo. Disabled! 
09:11:42.782 DEBUG Skipping slash command guildinfo. Disabled! 
09:11:42.789 DEBUG Skipping command bot. Disabled! 
09:11:42.789 DEBUG Skipping command info. Disabled! 
09:11:42.790 DEBUG Skipping slash command uptime. Disabled! 
09:11:42.791 DEBUG Skipping slash command userinfo. Disabled! 
09:11:42.855 DEBUG Skipping slash command deafen. Disabled! 
09:11:42.855 DEBUG Skipping slash command disconnect. Disabled! 
09:11:42.857 DEBUG Skipping slash command move. Disabled! 
09:11:42.858 DEBUG Skipping slash command purge. Disabled! 
09:11:42.859 DEBUG Skipping slash command purgeattach. Disabled! 
09:11:42.859 DEBUG Skipping slash command purgebots. Disabled! 
09:11:42.860 DEBUG Skipping slash command purgelinks. Disabled! 
09:11:42.860 DEBUG Skipping slash command purgetoken. Disabled! 
09:11:42.861 DEBUG Skipping slash command purgeuser. Disabled! 
09:11:42.863 DEBUG Skipping command purge. Disabled! 
09:11:42.863 DEBUG Skipping command voice. Disabled! 
09:11:42.865 DEBUG Skipping slash command undeafen. Disabled! 
09:11:42.866 DEBUG Skipping slash command vmute. Disabled! 
09:11:42.867 DEBUG Skipping slash command vunmute. Disabled! 
09:11:42.890 INFO  Loaded 94 commands 
09:11:42.891 INFO  Loaded 78 slash commands 
09:11:42.891 INFO  Loading contexts... 
09:11:42.893 INFO  Loaded 2 USER contexts 
09:11:42.893 INFO  Loaded 0 MESSAGE contexts 
09:11:42.893 INFO  Loading events... 
09:11:42.994 INFO  Loaded 22 events. Success (22) Failed (0) 
09:11:43.307 WARN  VersionCheck: 4.2.1 update is available 
09:11:43.308 WARN  download: https://github.com/saiteja-madha/discord-js-bot/releases/latest 
09:11:43.308 INFO  Validating config.js and environment variables 
09:11:43.308 INFO  Connecting to MongoDb... 
09:11:44.501 INFO  Mongoose: Database connection established 
09:11:48.576 INFO  Logged in as Mocy#5428! (936627481442672710) 
09:11:48.576 INFO  Initializing music manager 
09:11:48.792 INFO  Successfully registered slash commands 
09:11:48.952 INFO  Node "lavalink-repl.parasop.repl.co" connected 
15:11:48.132 INFO  Loading commands... 
15:11:48.308 DEBUG Skipping slash command avatar. Disabled! 
15:11:48.309 DEBUG Skipping slash command botinvite. Disabled! 
15:11:48.314 DEBUG Skipping slash command botstats. Disabled! 
15:11:48.316 DEBUG Skipping slash command channelinfo. Disabled! 
15:11:48.317 DEBUG Skipping slash command emojiinfo. Disabled! 
15:11:48.319 DEBUG Skipping slash command guildinfo. Disabled! 
15:11:48.333 DEBUG Skipping command bot. Disabled! 
15:11:48.337 DEBUG Skipping command info. Disabled! 
15:11:48.338 DEBUG Skipping slash command uptime. Disabled! 
15:11:48.340 DEBUG Skipping slash command userinfo. Disabled! 
15:11:48.379 DEBUG Skipping slash command deafen. Disabled! 
15:11:48.381 DEBUG Skipping slash command disconnect. Disabled! 
15:11:48.383 DEBUG Skipping slash command move. Disabled! 
15:11:48.384 DEBUG Skipping slash command purge. Disabled! 
15:11:48.385 DEBUG Skipping slash command purgeattach. Disabled! 
15:11:48.386 DEBUG Skipping slash command purgebots. Disabled! 
15:11:48.387 DEBUG Skipping slash command purgelinks. Disabled! 
15:11:48.391 DEBUG Skipping slash command purgetoken. Disabled! 
15:11:48.393 DEBUG Skipping slash command purgeuser. Disabled! 
15:11:48.397 DEBUG Skipping command purge. Disabled! 
15:11:48.401 DEBUG Skipping command voice. Disabled! 
15:11:48.405 DEBUG Skipping slash command undeafen. Disabled! 
15:11:48.407 DEBUG Skipping slash command vmute. Disabled! 
15:11:48.408 DEBUG Skipping slash command vunmute. Disabled! 
15:11:48.498 INFO  Loaded 94 commands 
15:11:48.500 INFO  Loaded 78 slash commands 
15:11:48.500 INFO  Loading contexts... 
15:11:48.506 INFO  Loaded 2 USER contexts 
15:11:48.507 INFO  Loaded 0 MESSAGE contexts 
15:11:48.507 INFO  Loading events... 
15:11:48.622 INFO  Loaded 22 events. Success (22) Failed (0) 
15:11:48.980 WARN  VersionCheck: 4.2.1 update is available 
15:11:48.980 WARN  download: https://github.com/saiteja-madha/discord-js-bot/releases/latest 
15:11:48.981 INFO  Validating config.js and environment variables 
15:11:48.981 INFO  Connecting to MongoDb... 
15:11:50.343 INFO  Mongoose: Database connection established 
15:11:53.775 INFO  Logged in as Mocy#5428! (936627481442672710) 
15:11:53.777 INFO  Initializing music manager 
15:11:54.097 INFO  Successfully registered slash commands 
15:11:54.190 INFO  Node "lavalink-repl.parasop.repl.co" connected 
19:11:39.175 INFO  Loading commands... 
19:11:39.344 DEBUG Skipping slash command avatar. Disabled! 
19:11:39.345 DEBUG Skipping slash command botinvite. Disabled! 
19:11:39.348 DEBUG Skipping slash command botstats. Disabled! 
19:11:39.350 DEBUG Skipping slash command channelinfo. Disabled! 
19:11:39.351 DEBUG Skipping slash command emojiinfo. Disabled! 
19:11:39.352 DEBUG Skipping slash command guildinfo. Disabled! 
19:11:39.358 DEBUG Skipping command bot. Disabled! 
19:11:39.359 DEBUG Skipping command info. Disabled! 
19:11:39.360 DEBUG Skipping slash command uptime. Disabled! 
19:11:39.361 DEBUG Skipping slash command userinfo. Disabled! 
19:11:39.374 DEBUG Skipping slash command deafen. Disabled! 
19:11:39.375 DEBUG Skipping slash command disconnect. Disabled! 
19:11:39.377 DEBUG Skipping slash command move. Disabled! 
19:11:39.378 DEBUG Skipping slash command purge. Disabled! 
19:11:39.379 DEBUG Skipping slash command purgeattach. Disabled! 
19:11:39.379 DEBUG Skipping slash command purgebots. Disabled! 
19:11:39.380 DEBUG Skipping slash command purgelinks. Disabled! 
19:11:39.381 DEBUG Skipping slash command purgetoken. Disabled! 
19:11:39.381 DEBUG Skipping slash command purgeuser. Disabled! 
19:11:39.383 DEBUG Skipping command purge. Disabled! 
19:11:39.384 DEBUG Skipping command voice. Disabled! 
19:11:39.386 DEBUG Skipping slash command undeafen. Disabled! 
19:11:39.387 DEBUG Skipping slash command vmute. Disabled! 
19:11:39.388 DEBUG Skipping slash command vunmute. Disabled! 
19:11:39.461 INFO  Loaded 94 commands 
19:11:39.461 INFO  Loaded 78 slash commands 
19:11:39.461 INFO  Loading contexts... 
19:11:39.463 INFO  Loaded 2 USER contexts 
19:11:39.463 INFO  Loaded 0 MESSAGE contexts 
19:11:39.463 INFO  Loading events... 
19:11:39.581 INFO  Loaded 22 events. Success (22) Failed (0) 
19:11:39.870 WARN  VersionCheck: 4.2.1 update is available 
19:11:39.870 WARN  download: https://github.com/saiteja-madha/discord-js-bot/releases/latest 
19:11:39.870 INFO  Validating config.js and environment variables 
19:11:39.870 INFO  Connecting to MongoDb... 
19:11:41.210 INFO  Mongoose: Database connection established 
19:11:47.341 INFO  Logged in as Mocy#5428! (936627481442672710) 
19:11:47.344 INFO  Initializing music manager 
19:11:47.464 INFO  Node "lavalink-repl.parasop.repl.co" connected 
19:11:47.569 INFO  Successfully registered slash commands 
23:42:18.922 INFO  Loading commands... 
23:42:19.100 DEBUG Skipping slash command avatar. Disabled! 
23:42:19.102 DEBUG Skipping slash command botinvite. Disabled! 
23:42:19.107 DEBUG Skipping slash command botstats. Disabled! 
23:42:19.110 DEBUG Skipping slash command channelinfo. Disabled! 
23:42:19.123 DEBUG Skipping slash command emojiinfo. Disabled! 
23:42:19.125 DEBUG Skipping slash command guildinfo. Disabled! 
23:42:19.153 DEBUG Skipping command bot. Disabled! 
23:42:19.154 DEBUG Skipping command info. Disabled! 
23:42:19.159 DEBUG Skipping slash command uptime. Disabled! 
23:42:19.161 DEBUG Skipping slash command userinfo. Disabled! 
23:42:19.204 DEBUG Skipping slash command deafen. Disabled! 
23:42:19.205 DEBUG Skipping slash command disconnect. Disabled! 
23:42:19.213 DEBUG Skipping slash command move. Disabled! 
23:42:19.218 DEBUG Skipping slash command purge. Disabled! 
23:42:19.219 DEBUG Skipping slash command purgeattach. Disabled! 
23:42:19.221 DEBUG Skipping slash command purgebots. Disabled! 
23:42:19.222 DEBUG Skipping slash command purgelinks. Disabled! 
23:42:19.222 DEBUG Skipping slash command purgetoken. Disabled! 
23:42:19.225 DEBUG Skipping slash command purgeuser. Disabled! 
23:42:19.234 DEBUG Skipping command purge. Disabled! 
23:42:19.236 DEBUG Skipping command voice. Disabled! 
23:42:19.244 DEBUG Skipping slash command undeafen. Disabled! 
23:42:19.249 DEBUG Skipping slash command vmute. Disabled! 
23:42:19.250 DEBUG Skipping slash command vunmute. Disabled! 
23:42:19.333 INFO  Loaded 94 commands 
23:42:19.333 INFO  Loaded 78 slash commands 
23:42:19.334 INFO  Loading contexts... 
23:42:19.338 INFO  Loaded 2 USER contexts 
23:42:19.339 INFO  Loaded 0 MESSAGE contexts 
23:42:19.340 INFO  Loading events... 
23:42:19.529 INFO  Loaded 22 events. Success (22) Failed (0) 
23:42:19.863 WARN  VersionCheck: 4.2.1 update is available 
23:42:19.864 WARN  download: https://github.com/saiteja-madha/discord-js-bot/releases/latest 
23:42:19.865 INFO  Validating config.js and environment variables 
23:42:19.866 INFO  Connecting to MongoDb... 
23:42:21.251 INFO  Mongoose: Database connection established 
23:42:24.322 INFO  Logged in as Mocy#5428! (936627481442672710) 
23:42:24.322 INFO  Initializing music manager 
23:42:24.434 INFO  Node "lavalink-repl.parasop.repl.co" connected 
23:42:24.595 INFO  Successfully registered slash commands 

