03:11:27.535 INFO  Loading commands... 
03:11:27.984 DEBUG Skipping slash command avatar. Disabled! 
03:11:27.994 DEBUG Skipping slash command botinvite. Disabled! 
03:11:28.006 DEBUG Skipping slash command botstats. Disabled! 
03:11:28.007 DEBUG Skipping slash command channelinfo. Disabled! 
03:11:28.049 DEBUG Skipping slash command emojiinfo. Disabled! 
03:11:28.052 DEBUG Skipping slash command guildinfo. Disabled! 
03:11:28.103 DEBUG Skipping command bot. Disabled! 
03:11:28.105 DEBUG Skipping command info. Disabled! 
03:11:28.111 DEBUG Skipping slash command uptime. Disabled! 
03:11:28.112 DEBUG Skipping slash command userinfo. Disabled! 
03:11:28.173 DEBUG Skipping slash command deafen. Disabled! 
03:11:28.183 DEBUG Skipping slash command disconnect. Disabled! 
03:11:28.198 DEBUG Skipping slash command move. Disabled! 
03:11:28.200 DEBUG Skipping slash command purge. Disabled! 
03:11:28.201 DEBUG Skipping slash command purgeattach. Disabled! 
03:11:28.202 DEBUG Skipping slash command purgebots. Disabled! 
03:11:28.202 DEBUG Skipping slash command purgelinks. Disabled! 
03:11:28.218 DEBUG Skipping slash command purgetoken. Disabled! 
03:11:28.219 DEBUG Skipping slash command purgeuser. Disabled! 
03:11:28.226 DEBUG Skipping command purge. Disabled! 
03:11:28.235 DEBUG Skipping command voice. Disabled! 
03:11:28.241 DEBUG Skipping slash command undeafen. Disabled! 
03:11:28.249 DEBUG Skipping slash command vmute. Disabled! 
03:11:28.250 DEBUG Skipping slash command vunmute. Disabled! 
03:11:28.440 INFO  Loaded 94 commands 
03:11:28.455 INFO  Loaded 78 slash commands 
03:11:28.456 INFO  Loading contexts... 
03:11:28.465 INFO  Loaded 2 USER contexts 
03:11:28.473 INFO  Loaded 0 MESSAGE contexts 
03:11:28.478 INFO  Loading events... 
03:11:28.851 INFO  Loaded 22 events. Success (22) Failed (0) 
03:11:29.484 INFO  VersionCheck: Your discord bot is up to date 
03:11:29.486 INFO  Validating config.js and environment variables 
03:11:29.489 INFO  Connecting to MongoDb... 
07:26:45.934 INFO  Loading commands... 
07:26:46.348 DEBUG Skipping slash command avatar. Disabled! 
07:26:46.354 DEBUG Skipping slash command botinvite. Disabled! 
07:26:46.372 DEBUG Skipping slash command botstats. Disabled! 
07:26:46.388 DEBUG Skipping slash command channelinfo. Disabled! 
07:26:46.392 DEBUG Skipping slash command emojiinfo. Disabled! 
07:26:46.400 DEBUG Skipping slash command guildinfo. Disabled! 
07:26:46.436 DEBUG Skipping command bot. Disabled! 
07:26:46.444 DEBUG Skipping command info. Disabled! 
07:26:46.448 DEBUG Skipping slash command uptime. Disabled! 
07:26:46.458 DEBUG Skipping slash command userinfo. Disabled! 
07:26:46.533 DEBUG Skipping slash command deafen. Disabled! 
07:26:46.539 DEBUG Skipping slash command disconnect. Disabled! 
07:26:46.540 DEBUG Skipping slash command move. Disabled! 
07:26:46.554 DEBUG Skipping slash command purge. Disabled! 
07:26:46.556 DEBUG Skipping slash command purgeattach. Disabled! 
07:26:46.560 DEBUG Skipping slash command purgebots. Disabled! 
07:26:46.560 DEBUG Skipping slash command purgelinks. Disabled! 
07:26:46.565 DEBUG Skipping slash command purgetoken. Disabled! 
07:26:46.567 DEBUG Skipping slash command purgeuser. Disabled! 
07:26:46.587 DEBUG Skipping command purge. Disabled! 
07:26:46.590 DEBUG Skipping command voice. Disabled! 
07:26:46.599 DEBUG Skipping slash command undeafen. Disabled! 
07:26:46.609 DEBUG Skipping slash command vmute. Disabled! 
07:26:46.613 DEBUG Skipping slash command vunmute. Disabled! 
07:26:46.786 INFO  Loaded 94 commands 
07:26:46.786 INFO  Loaded 78 slash commands 
07:26:46.786 INFO  Loading contexts... 
07:26:46.800 INFO  Loaded 2 USER contexts 
07:26:46.804 INFO  Loaded 0 MESSAGE contexts 
07:26:46.804 INFO  Loading events... 
07:26:47.052 INFO  Loaded 22 events. Success (22) Failed (0) 
07:26:47.566 INFO  VersionCheck: Your discord bot is up to date 
07:26:47.569 INFO  Validating config.js and environment variables 
07:26:47.569 INFO  Connecting to MongoDb... 
07:26:48.873 INFO  Mongoose: Database connection established 
07:26:52.838 INFO  Logged in as Mocy#5428! (936627481442672710) 
07:26:52.838 INFO  Initializing music manager 
07:26:53.237 INFO  Successfully registered slash commands 
07:26:53.271 INFO  Node "lavalink-repl.parasop.repl.co" connected 
07:41:06.493 WARN  Node "lavalink-repl.parasop.repl.co" is reconnecting 
07:41:06.634 INFO  Node "lavalink-repl.parasop.repl.co" connected 
12:25:30.657 WARN  Node "lavalink-repl.parasop.repl.co" is reconnecting 
12:25:53.219 INFO  Node "lavalink-repl.parasop.repl.co" connected 
13:59:04.798 ERROR Can't save() the same doc multiple times in parallel. Document: 622ae40a77788d002c92a08d
{}
ParallelSaveError: Can't save() the same doc multiple times in parallel. Document: 622ae40a77788d002c92a08d
    at model.Model.save (/home/runner/discord-js-bot/node_modules/mongoose/lib/model.js:486:20)
    at Object.handleXp (/home/runner/discord-js-bot/src/handlers/xp.js:46:18)
    at runMicrotasks (<anonymous>)
    at processTicksAndRejections (node:internal/process/task_queues:96:5) 

