12:47:34.217 INFO  Loading commands... 
12:47:34.555 DEBUG Skipping slash command avatar. Disabled! 
12:47:34.570 DEBUG Skipping slash command botinvite. Disabled! 
12:47:34.592 DEBUG Skipping slash command botstats. Disabled! 
12:47:34.605 DEBUG Skipping slash command channelinfo. Disabled! 
12:47:34.612 DEBUG Skipping slash command emojiinfo. Disabled! 
12:47:34.631 DEBUG Skipping slash command guildinfo. Disabled! 
12:47:34.700 DEBUG Skipping command bot. Disabled! 
12:47:34.717 DEBUG Skipping command info. Disabled! 
12:47:34.724 DEBUG Skipping slash command uptime. Disabled! 
12:47:34.730 DEBUG Skipping slash command userinfo. Disabled! 
12:47:34.771 DEBUG Skipping slash command deafen. Disabled! 
12:47:34.773 DEBUG Skipping slash command disconnect. Disabled! 
12:47:34.778 DEBUG Skipping slash command move. Disabled! 
12:47:34.781 DEBUG Skipping slash command purge. Disabled! 
12:47:34.784 DEBUG Skipping slash command purgeattach. Disabled! 
12:47:34.785 DEBUG Skipping slash command purgebots. Disabled! 
12:47:34.788 DEBUG Skipping slash command purgelinks. Disabled! 
12:47:34.789 DEBUG Skipping slash command purgetoken. Disabled! 
12:47:34.791 DEBUG Skipping slash command purgeuser. Disabled! 
12:47:34.802 DEBUG Skipping command purge. Disabled! 
12:47:34.804 DEBUG Skipping command voice. Disabled! 
12:47:34.809 DEBUG Skipping slash command undeafen. Disabled! 
12:47:34.814 DEBUG Skipping slash command vmute. Disabled! 
12:47:34.817 DEBUG Skipping slash command vunmute. Disabled! 
12:47:34.955 INFO  Loaded 94 commands 
12:47:34.956 INFO  Loaded 78 slash commands 
12:47:34.957 INFO  Loading contexts... 
12:47:34.964 INFO  Loaded 2 USER contexts 
12:47:34.964 INFO  Loaded 0 MESSAGE contexts 
12:47:34.965 INFO  Loading events... 
12:47:35.294 INFO  Loaded 22 events. Success (22) Failed (0) 
12:47:35.922 INFO  VersionCheck: Your discord bot is up to date 
12:47:35.922 INFO  Validating config.js and environment variables 
12:47:35.930 INFO  Connecting to MongoDb... 
17:47:36.513 INFO  Loading commands... 
17:47:37.684 DEBUG Skipping slash command avatar. Disabled! 
17:47:37.717 DEBUG Skipping slash command botinvite. Disabled! 
17:47:37.771 DEBUG Skipping slash command botstats. Disabled! 
17:47:37.803 DEBUG Skipping slash command channelinfo. Disabled! 
17:47:37.816 DEBUG Skipping slash command emojiinfo. Disabled! 
17:47:37.850 DEBUG Skipping slash command guildinfo. Disabled! 
17:47:38.010 DEBUG Skipping command bot. Disabled! 
17:47:38.034 DEBUG Skipping command info. Disabled! 
17:47:38.043 DEBUG Skipping slash command uptime. Disabled! 
17:47:38.072 DEBUG Skipping slash command userinfo. Disabled! 
17:47:38.314 DEBUG Skipping slash command deafen. Disabled! 
17:47:38.349 DEBUG Skipping slash command disconnect. Disabled! 
17:47:38.408 DEBUG Skipping slash command move. Disabled! 
17:47:38.450 DEBUG Skipping slash command purge. Disabled! 
17:47:38.465 DEBUG Skipping slash command purgeattach. Disabled! 
17:47:38.474 DEBUG Skipping slash command purgebots. Disabled! 
17:47:38.489 DEBUG Skipping slash command purgelinks. Disabled! 
17:47:38.493 DEBUG Skipping slash command purgetoken. Disabled! 
17:47:38.511 DEBUG Skipping slash command purgeuser. Disabled! 
17:47:38.530 DEBUG Skipping command purge. Disabled! 
17:47:38.556 DEBUG Skipping command voice. Disabled! 
17:47:38.596 DEBUG Skipping slash command undeafen. Disabled! 
17:47:38.598 DEBUG Skipping slash command vmute. Disabled! 
17:47:38.599 DEBUG Skipping slash command vunmute. Disabled! 
17:47:38.919 INFO  Loaded 94 commands 
17:47:38.928 INFO  Loaded 78 slash commands 
17:47:38.928 INFO  Loading contexts... 
17:47:38.936 INFO  Loaded 2 USER contexts 
17:47:38.937 INFO  Loaded 0 MESSAGE contexts 
17:47:38.938 INFO  Loading events... 
17:47:39.283 INFO  Loaded 22 events. Success (22) Failed (0) 
17:47:39.926 INFO  VersionCheck: Your discord bot is up to date 
17:47:39.937 INFO  Validating config.js and environment variables 
17:47:39.943 INFO  Connecting to MongoDb... 
17:47:41.904 INFO  Mongoose: Database connection established 
19:32:31.424 INFO  Loading commands... 
19:32:32.529 DEBUG Skipping slash command avatar. Disabled! 
19:32:32.530 DEBUG Skipping slash command botinvite. Disabled! 
19:32:32.634 DEBUG Skipping slash command botstats. Disabled! 
19:32:32.675 DEBUG Skipping slash command channelinfo. Disabled! 
19:32:32.677 DEBUG Skipping slash command emojiinfo. Disabled! 
19:32:32.763 DEBUG Skipping slash command guildinfo. Disabled! 
19:32:33.057 DEBUG Skipping command bot. Disabled! 
19:32:33.107 DEBUG Skipping command info. Disabled! 
19:32:33.125 DEBUG Skipping slash command uptime. Disabled! 
19:32:33.126 DEBUG Skipping slash command userinfo. Disabled! 
19:32:33.337 DEBUG Skipping slash command deafen. Disabled! 
19:32:33.338 DEBUG Skipping slash command disconnect. Disabled! 
19:32:33.346 DEBUG Skipping slash command move. Disabled! 
19:32:33.396 DEBUG Skipping slash command purge. Disabled! 
19:32:33.468 DEBUG Skipping slash command purgeattach. Disabled! 
19:32:33.490 DEBUG Skipping slash command purgebots. Disabled! 
19:32:33.531 DEBUG Skipping slash command purgelinks. Disabled! 
19:32:33.565 DEBUG Skipping slash command purgetoken. Disabled! 
19:32:33.602 DEBUG Skipping slash command purgeuser. Disabled! 
19:32:33.662 DEBUG Skipping command purge. Disabled! 
19:32:33.697 DEBUG Skipping command voice. Disabled! 
19:32:33.804 DEBUG Skipping slash command undeafen. Disabled! 
19:32:33.828 DEBUG Skipping slash command vmute. Disabled! 
19:32:33.884 DEBUG Skipping slash command vunmute. Disabled! 
19:32:34.546 INFO  Loaded 94 commands 
19:32:34.546 INFO  Loaded 78 slash commands 
19:32:34.564 INFO  Loading contexts... 
19:32:34.615 INFO  Loaded 2 USER contexts 
19:32:34.626 INFO  Loaded 0 MESSAGE contexts 
19:32:34.629 INFO  Loading events... 
19:32:35.781 INFO  Loaded 22 events. Success (22) Failed (0) 
19:32:36.840 INFO  VersionCheck: Your discord bot is up to date 
19:32:36.840 INFO  Validating config.js and environment variables 
19:32:36.842 INFO  Connecting to MongoDb... 
19:32:38.624 INFO  Mongoose: Database connection established 
19:32:45.309 INFO  Logged in as Mocy#5428! (936627481442672710) 
19:32:45.311 INFO  Initializing music manager 
19:32:46.557 INFO  Successfully registered slash commands 
19:32:46.665 INFO  Node "lavalink-repl.parasop.repl.co" connected 
22:01:45.871 INFO  Loading commands... 
22:01:46.238 DEBUG Skipping slash command avatar. Disabled! 
22:01:46.241 DEBUG Skipping slash command botinvite. Disabled! 
22:01:46.258 DEBUG Skipping slash command botstats. Disabled! 
22:01:46.259 DEBUG Skipping slash command channelinfo. Disabled! 
22:01:46.271 DEBUG Skipping slash command emojiinfo. Disabled! 
22:01:46.275 DEBUG Skipping slash command guildinfo. Disabled! 
22:01:46.308 DEBUG Skipping command bot. Disabled! 
22:01:46.314 DEBUG Skipping command info. Disabled! 
22:01:46.324 DEBUG Skipping slash command uptime. Disabled! 
22:01:46.325 DEBUG Skipping slash command userinfo. Disabled! 
22:01:46.354 DEBUG Skipping slash command deafen. Disabled! 
22:01:46.354 DEBUG Skipping slash command disconnect. Disabled! 
22:01:46.360 DEBUG Skipping slash command move. Disabled! 
22:01:46.366 DEBUG Skipping slash command purge. Disabled! 
22:01:46.367 DEBUG Skipping slash command purgeattach. Disabled! 
22:01:46.368 DEBUG Skipping slash command purgebots. Disabled! 
22:01:46.373 DEBUG Skipping slash command purgelinks. Disabled! 
22:01:46.374 DEBUG Skipping slash command purgetoken. Disabled! 
22:01:46.376 DEBUG Skipping slash command purgeuser. Disabled! 
22:01:46.388 DEBUG Skipping command purge. Disabled! 
22:01:46.396 DEBUG Skipping command voice. Disabled! 
22:01:46.409 DEBUG Skipping slash command undeafen. Disabled! 
22:01:46.410 DEBUG Skipping slash command vmute. Disabled! 
22:01:46.425 DEBUG Skipping slash command vunmute. Disabled! 
22:01:46.589 INFO  Loaded 94 commands 
22:01:46.589 INFO  Loaded 78 slash commands 
22:01:46.589 INFO  Loading contexts... 
22:01:46.598 INFO  Loaded 2 USER contexts 
22:01:46.598 INFO  Loaded 0 MESSAGE contexts 
22:01:46.599 INFO  Loading events... 
22:01:46.792 INFO  Loaded 22 events. Success (22) Failed (0) 
22:01:47.202 INFO  VersionCheck: Your discord bot is up to date 
22:01:47.203 INFO  Validating config.js and environment variables 
22:01:47.203 INFO  Connecting to MongoDb... 
22:01:48.500 INFO  Mongoose: Database connection established 
22:01:49.992 INFO  Logged in as Mocy#5428! (936627481442672710) 
22:01:49.992 INFO  Initializing music manager 
22:01:50.153 INFO  Node "lavalink-repl.parasop.repl.co" connected 
22:01:50.266 INFO  Successfully registered slash commands 

