00:48:44.889 INFO  Loading commands... 
00:48:45.474 DEBUG Skipping slash command avatar. Disabled! 
00:48:45.488 DEBUG Skipping slash command botinvite. Disabled! 
00:48:45.496 DEBUG Skipping slash command botstats. Disabled! 
00:48:45.498 DEBUG Skipping slash command channelinfo. Disabled! 
00:48:45.509 DEBUG Skipping slash command emojiinfo. Disabled! 
00:48:45.510 DEBUG Skipping slash command guildinfo. Disabled! 
00:48:45.560 DEBUG Skipping command bot. Disabled! 
00:48:45.561 DEBUG Skipping command info. Disabled! 
00:48:45.562 DEBUG Skipping slash command uptime. Disabled! 
00:48:45.575 DEBUG Skipping slash command userinfo. Disabled! 
00:48:45.639 DEBUG Skipping slash command deafen. Disabled! 
00:48:45.645 DEBUG Skipping slash command disconnect. Disabled! 
00:48:45.658 DEBUG Skipping slash command move. Disabled! 
00:48:45.660 DEBUG Skipping slash command purge. Disabled! 
00:48:45.661 DEBUG Skipping slash command purgeattach. Disabled! 
00:48:45.661 DEBUG Skipping slash command purgebots. Disabled! 
00:48:45.662 DEBUG Skipping slash command purgelinks. Disabled! 
00:48:45.669 DEBUG Skipping slash command purgetoken. Disabled! 
00:48:45.670 DEBUG Skipping slash command purgeuser. Disabled! 
00:48:45.677 DEBUG Skipping command purge. Disabled! 
00:48:45.678 DEBUG Skipping command voice. Disabled! 
00:48:45.693 DEBUG Skipping slash command undeafen. Disabled! 
00:48:45.694 DEBUG Skipping slash command vmute. Disabled! 
00:48:45.699 DEBUG Skipping slash command vunmute. Disabled! 
00:48:45.795 INFO  Loaded 94 commands 
00:48:45.795 INFO  Loaded 78 slash commands 
00:48:45.796 INFO  Loading contexts... 
00:48:45.797 INFO  Loaded 2 USER contexts 
00:48:45.798 INFO  Loaded 0 MESSAGE contexts 
00:48:45.798 INFO  Loading events... 
00:48:46.032 INFO  Loaded 22 events. Success (22) Failed (0) 
00:48:46.733 INFO  VersionCheck: Your discord bot is up to date 
00:48:46.734 INFO  Validating config.js and environment variables 
00:48:46.734 INFO  Connecting to MongoDb... 
00:48:48.800 INFO  Mongoose: Database connection established 
00:48:52.087 INFO  Logged in as Mocy#5428! (936627481442672710) 
00:48:52.087 INFO  Initializing music manager 
00:48:52.513 INFO  Node "lavalink-repl.parasop.repl.co" connected 
00:48:52.529 INFO  Successfully registered slash commands 
05:21:16.706 INFO  Loading commands... 
05:21:16.812 DEBUG Skipping slash command avatar. Disabled! 
05:21:16.813 DEBUG Skipping slash command botinvite. Disabled! 
05:21:16.816 DEBUG Skipping slash command botstats. Disabled! 
05:21:16.817 DEBUG Skipping slash command channelinfo. Disabled! 
05:21:16.818 DEBUG Skipping slash command emojiinfo. Disabled! 
05:21:16.819 DEBUG Skipping slash command guildinfo. Disabled! 
05:21:16.825 DEBUG Skipping command bot. Disabled! 
05:21:16.826 DEBUG Skipping command info. Disabled! 
05:21:16.826 DEBUG Skipping slash command uptime. Disabled! 
05:21:16.827 DEBUG Skipping slash command userinfo. Disabled! 
05:21:16.836 DEBUG Skipping slash command deafen. Disabled! 
05:21:16.836 DEBUG Skipping slash command disconnect. Disabled! 
05:21:16.838 DEBUG Skipping slash command move. Disabled! 
05:21:16.839 DEBUG Skipping slash command purge. Disabled! 
05:21:16.839 DEBUG Skipping slash command purgeattach. Disabled! 
05:21:16.840 DEBUG Skipping slash command purgebots. Disabled! 
05:21:16.840 DEBUG Skipping slash command purgelinks. Disabled! 
05:21:16.841 DEBUG Skipping slash command purgetoken. Disabled! 
05:21:16.841 DEBUG Skipping slash command purgeuser. Disabled! 
05:21:16.843 DEBUG Skipping command purge. Disabled! 
05:21:16.843 DEBUG Skipping command voice. Disabled! 
05:21:16.845 DEBUG Skipping slash command undeafen. Disabled! 
05:21:16.846 DEBUG Skipping slash command vmute. Disabled! 
05:21:16.847 DEBUG Skipping slash command vunmute. Disabled! 
05:21:16.931 INFO  Loaded 94 commands 
05:21:16.931 INFO  Loaded 78 slash commands 
05:21:16.931 INFO  Loading contexts... 
05:21:16.933 INFO  Loaded 2 USER contexts 
05:21:16.933 INFO  Loaded 0 MESSAGE contexts 
05:21:16.933 INFO  Loading events... 
05:21:17.025 INFO  Loaded 22 events. Success (22) Failed (0) 
05:21:17.388 INFO  VersionCheck: Your discord bot is up to date 
05:21:17.388 INFO  Validating config.js and environment variables 
05:21:17.389 INFO  Connecting to MongoDb... 
05:21:18.800 INFO  Mongoose: Database connection established 
05:21:19.841 INFO  Logged in as Mocy#5428! (936627481442672710) 
05:21:19.841 INFO  Initializing music manager 
05:21:19.947 INFO  Node "lavalink-repl.parasop.repl.co" connected 
05:21:20.108 INFO  Successfully registered slash commands 
07:00:24.942 WARN  Node "lavalink-repl.parasop.repl.co" is reconnecting 
07:00:25.002 INFO  Node "lavalink-repl.parasop.repl.co" connected 
10:11:26.857 WARN  Node "lavalink-repl.parasop.repl.co" is reconnecting 
10:11:26.946 INFO  Node "lavalink-repl.parasop.repl.co" connected 
11:06:26.454 INFO  Loading commands... 
11:06:26.628 DEBUG Skipping slash command avatar. Disabled! 
11:06:26.629 DEBUG Skipping slash command botinvite. Disabled! 
11:06:26.631 DEBUG Skipping slash command botstats. Disabled! 
11:06:26.632 DEBUG Skipping slash command channelinfo. Disabled! 
11:06:26.633 DEBUG Skipping slash command emojiinfo. Disabled! 
11:06:26.634 DEBUG Skipping slash command guildinfo. Disabled! 
11:06:26.640 DEBUG Skipping command bot. Disabled! 
11:06:26.640 DEBUG Skipping command info. Disabled! 
11:06:26.641 DEBUG Skipping slash command uptime. Disabled! 
11:06:26.642 DEBUG Skipping slash command userinfo. Disabled! 
11:06:26.712 DEBUG Skipping slash command deafen. Disabled! 
11:06:26.713 DEBUG Skipping slash command disconnect. Disabled! 
11:06:26.715 DEBUG Skipping slash command move. Disabled! 
11:06:26.716 DEBUG Skipping slash command purge. Disabled! 
11:06:26.717 DEBUG Skipping slash command purgeattach. Disabled! 
11:06:26.717 DEBUG Skipping slash command purgebots. Disabled! 
11:06:26.718 DEBUG Skipping slash command purgelinks. Disabled! 
11:06:26.719 DEBUG Skipping slash command purgetoken. Disabled! 
11:06:26.723 DEBUG Skipping slash command purgeuser. Disabled! 
11:06:26.726 DEBUG Skipping command purge. Disabled! 
11:06:26.727 DEBUG Skipping command voice. Disabled! 
11:06:26.729 DEBUG Skipping slash command undeafen. Disabled! 
11:06:26.731 DEBUG Skipping slash command vmute. Disabled! 
11:06:26.731 DEBUG Skipping slash command vunmute. Disabled! 
11:06:26.755 INFO  Loaded 94 commands 
11:06:26.755 INFO  Loaded 78 slash commands 
11:06:26.755 INFO  Loading contexts... 
11:06:26.757 INFO  Loaded 2 USER contexts 
11:06:26.758 INFO  Loaded 0 MESSAGE contexts 
11:06:26.806 INFO  Loading events... 
11:06:26.922 INFO  Loaded 22 events. Success (22) Failed (0) 
11:06:27.252 INFO  VersionCheck: Your discord bot is up to date 
11:06:27.253 INFO  Validating config.js and environment variables 
11:06:27.253 INFO  Connecting to MongoDb... 
11:06:28.677 INFO  Mongoose: Database connection established 
11:06:30.024 INFO  Logged in as Mocy#5428! (936627481442672710) 
11:06:30.025 INFO  Initializing music manager 
11:06:30.217 INFO  Node "lavalink-repl.parasop.repl.co" connected 
11:06:30.313 INFO  Successfully registered slash commands 
21:49:27.055 INFO  Loading commands... 
21:49:27.261 DEBUG Skipping slash command avatar. Disabled! 
21:49:27.263 DEBUG Skipping slash command botinvite. Disabled! 
21:49:27.291 DEBUG Skipping slash command botstats. Disabled! 
21:49:27.293 DEBUG Skipping slash command channelinfo. Disabled! 
21:49:27.297 DEBUG Skipping slash command emojiinfo. Disabled! 
21:49:27.298 DEBUG Skipping slash command guildinfo. Disabled! 
21:49:27.325 DEBUG Skipping command bot. Disabled! 
21:49:27.334 DEBUG Skipping command info. Disabled! 
21:49:27.336 DEBUG Skipping slash command uptime. Disabled! 
21:49:27.337 DEBUG Skipping slash command userinfo. Disabled! 
21:49:27.360 DEBUG Skipping slash command deafen. Disabled! 
21:49:27.363 DEBUG Skipping slash command disconnect. Disabled! 
21:49:27.381 DEBUG Skipping slash command move. Disabled! 
21:49:27.406 DEBUG Skipping slash command purge. Disabled! 
21:49:27.441 DEBUG Skipping slash command purgeattach. Disabled! 
21:49:27.450 DEBUG Skipping slash command purgebots. Disabled! 
21:49:27.454 DEBUG Skipping slash command purgelinks. Disabled! 
21:49:27.461 DEBUG Skipping slash command purgetoken. Disabled! 
21:49:27.469 DEBUG Skipping slash command purgeuser. Disabled! 
21:49:27.481 DEBUG Skipping command purge. Disabled! 
21:49:27.492 DEBUG Skipping command voice. Disabled! 
21:49:27.499 DEBUG Skipping slash command undeafen. Disabled! 
21:49:27.507 DEBUG Skipping slash command vmute. Disabled! 
21:49:27.508 DEBUG Skipping slash command vunmute. Disabled! 
21:49:27.625 INFO  Loaded 94 commands 
21:49:27.625 INFO  Loaded 78 slash commands 
21:49:27.625 INFO  Loading contexts... 
21:49:27.661 INFO  Loaded 2 USER contexts 
21:49:27.661 INFO  Loaded 0 MESSAGE contexts 
21:49:27.662 INFO  Loading events... 
21:49:28.087 INFO  Loaded 22 events. Success (22) Failed (0) 
21:49:28.697 INFO  VersionCheck: Your discord bot is up to date 
21:49:28.697 INFO  Validating config.js and environment variables 
21:49:28.698 INFO  Connecting to MongoDb... 
21:49:30.461 INFO  Mongoose: Database connection established 
21:49:32.274 INFO  Logged in as Mocy#5428! (936627481442672710) 
21:49:32.276 INFO  Initializing music manager 
21:49:32.693 INFO  Node "lavalink-repl.parasop.repl.co" connected 
21:49:32.716 INFO  Successfully registered slash commands 
23:28:41.625 INFO  Loading commands... 
23:28:41.727 DEBUG Skipping slash command avatar. Disabled! 
23:28:41.728 DEBUG Skipping slash command botinvite. Disabled! 
23:28:41.730 DEBUG Skipping slash command botstats. Disabled! 
23:28:41.731 DEBUG Skipping slash command channelinfo. Disabled! 
23:28:41.732 DEBUG Skipping slash command emojiinfo. Disabled! 
23:28:41.733 DEBUG Skipping slash command guildinfo. Disabled! 
23:28:41.738 DEBUG Skipping command bot. Disabled! 
23:28:41.738 DEBUG Skipping command info. Disabled! 
23:28:41.739 DEBUG Skipping slash command uptime. Disabled! 
23:28:41.740 DEBUG Skipping slash command userinfo. Disabled! 
23:28:41.809 DEBUG Skipping slash command deafen. Disabled! 
23:28:41.810 DEBUG Skipping slash command disconnect. Disabled! 
23:28:41.812 DEBUG Skipping slash command move. Disabled! 
23:28:41.813 DEBUG Skipping slash command purge. Disabled! 
23:28:41.813 DEBUG Skipping slash command purgeattach. Disabled! 
23:28:41.814 DEBUG Skipping slash command purgebots. Disabled! 
23:28:41.815 DEBUG Skipping slash command purgelinks. Disabled! 
23:28:41.815 DEBUG Skipping slash command purgetoken. Disabled! 
23:28:41.816 DEBUG Skipping slash command purgeuser. Disabled! 
23:28:41.818 DEBUG Skipping command purge. Disabled! 
23:28:41.818 DEBUG Skipping command voice. Disabled! 
23:28:41.820 DEBUG Skipping slash command undeafen. Disabled! 
23:28:41.821 DEBUG Skipping slash command vmute. Disabled! 
23:28:41.822 DEBUG Skipping slash command vunmute. Disabled! 
23:28:41.841 INFO  Loaded 94 commands 
23:28:41.841 INFO  Loaded 78 slash commands 
23:28:41.842 INFO  Loading contexts... 
23:28:41.843 INFO  Loaded 2 USER contexts 
23:28:41.843 INFO  Loaded 0 MESSAGE contexts 
23:28:41.844 INFO  Loading events... 
23:28:42.004 INFO  Loaded 22 events. Success (22) Failed (0) 
23:28:42.243 INFO  VersionCheck: Your discord bot is up to date 
23:28:42.243 INFO  Validating config.js and environment variables 
23:28:42.244 INFO  Connecting to MongoDb... 
23:28:43.670 INFO  Mongoose: Database connection established 
23:28:44.735 INFO  Logged in as Mocy#5428! (936627481442672710) 
23:28:44.735 INFO  Initializing music manager 
23:28:44.905 INFO  Node "lavalink-repl.parasop.repl.co" connected 
23:28:45.011 INFO  Successfully registered slash commands 

