02:19:46.494 INFO  Loading commands... 
02:19:46.819 DEBUG Skipping slash command avatar. Disabled! 
02:19:46.827 DEBUG Skipping slash command botinvite. Disabled! 
02:19:46.833 DEBUG Skipping slash command botstats. Disabled! 
02:19:46.837 DEBUG Skipping slash command channelinfo. Disabled! 
02:19:46.849 DEBUG Skipping slash command emojiinfo. Disabled! 
02:19:46.863 DEBUG Skipping slash command guildinfo. Disabled! 
02:19:46.898 DEBUG Skipping command bot. Disabled! 
02:19:46.900 DEBUG Skipping command info. Disabled! 
02:19:46.901 DEBUG Skipping slash command uptime. Disabled! 
02:19:46.902 DEBUG Skipping slash command userinfo. Disabled! 
02:19:46.948 DEBUG Skipping slash command deafen. Disabled! 
02:19:46.950 DEBUG Skipping slash command disconnect. Disabled! 
02:19:46.953 DEBUG Skipping slash command move. Disabled! 
02:19:46.962 DEBUG Skipping slash command purge. Disabled! 
02:19:46.963 DEBUG Skipping slash command purgeattach. Disabled! 
02:19:46.966 DEBUG Skipping slash command purgebots. Disabled! 
02:19:46.967 DEBUG Skipping slash command purgelinks. Disabled! 
02:19:46.967 DEBUG Skipping slash command purgetoken. Disabled! 
02:19:46.970 DEBUG Skipping slash command purgeuser. Disabled! 
02:19:47.014 DEBUG Skipping command purge. Disabled! 
02:19:47.020 DEBUG Skipping command voice. Disabled! 
02:19:47.059 DEBUG Skipping slash command undeafen. Disabled! 
02:19:47.072 DEBUG Skipping slash command vmute. Disabled! 
02:19:47.081 DEBUG Skipping slash command vunmute. Disabled! 
02:19:47.344 INFO  Loaded 94 commands 
02:19:47.345 INFO  Loaded 78 slash commands 
02:19:47.346 INFO  Loading contexts... 
02:19:47.360 INFO  Loaded 2 USER contexts 
02:19:47.368 INFO  Loaded 0 MESSAGE contexts 
02:19:47.369 INFO  Loading events... 
02:19:47.601 INFO  Loaded 22 events. Success (22) Failed (0) 
02:19:48.152 INFO  VersionCheck: Your discord bot is up to date 
02:19:48.153 INFO  Validating config.js and environment variables 
02:19:48.153 INFO  Connecting to MongoDb... 
02:19:49.594 INFO  Mongoose: Database connection established 
08:19:28.618 INFO  Loading commands... 
08:19:28.918 DEBUG Skipping slash command avatar. Disabled! 
08:19:28.920 DEBUG Skipping slash command botinvite. Disabled! 
08:19:28.934 DEBUG Skipping slash command botstats. Disabled! 
08:19:28.938 DEBUG Skipping slash command channelinfo. Disabled! 
08:19:28.943 DEBUG Skipping slash command emojiinfo. Disabled! 
08:19:28.953 DEBUG Skipping slash command guildinfo. Disabled! 
08:19:28.982 DEBUG Skipping command bot. Disabled! 
08:19:28.987 DEBUG Skipping command info. Disabled! 
08:19:28.988 DEBUG Skipping slash command uptime. Disabled! 
08:19:28.992 DEBUG Skipping slash command userinfo. Disabled! 
08:19:29.047 DEBUG Skipping slash command deafen. Disabled! 
08:19:29.048 DEBUG Skipping slash command disconnect. Disabled! 
08:19:29.066 DEBUG Skipping slash command move. Disabled! 
08:19:29.075 DEBUG Skipping slash command purge. Disabled! 
08:19:29.076 DEBUG Skipping slash command purgeattach. Disabled! 
08:19:29.078 DEBUG Skipping slash command purgebots. Disabled! 
08:19:29.081 DEBUG Skipping slash command purgelinks. Disabled! 
08:19:29.090 DEBUG Skipping slash command purgetoken. Disabled! 
08:19:29.092 DEBUG Skipping slash command purgeuser. Disabled! 
08:19:29.105 DEBUG Skipping command purge. Disabled! 
08:19:29.112 DEBUG Skipping command voice. Disabled! 
08:19:29.118 DEBUG Skipping slash command undeafen. Disabled! 
08:19:29.124 DEBUG Skipping slash command vmute. Disabled! 
08:19:29.125 DEBUG Skipping slash command vunmute. Disabled! 
08:19:29.332 INFO  Loaded 94 commands 
08:19:29.332 INFO  Loaded 78 slash commands 
08:19:29.333 INFO  Loading contexts... 
08:19:29.337 INFO  Loaded 2 USER contexts 
08:19:29.338 INFO  Loaded 0 MESSAGE contexts 
08:19:29.340 INFO  Loading events... 
08:19:29.557 INFO  Loaded 22 events. Success (22) Failed (0) 
08:19:30.144 INFO  VersionCheck: Your discord bot is up to date 
08:19:30.144 INFO  Validating config.js and environment variables 
08:19:30.145 INFO  Connecting to MongoDb... 
08:19:31.807 INFO  Mongoose: Database connection established 
13:05:25.438 INFO  Loading commands... 
13:05:26.935 DEBUG Skipping slash command avatar. Disabled! 
13:05:26.977 DEBUG Skipping slash command botinvite. Disabled! 
13:05:27.000 DEBUG Skipping slash command botstats. Disabled! 
13:05:27.035 DEBUG Skipping slash command channelinfo. Disabled! 
13:05:27.067 DEBUG Skipping slash command emojiinfo. Disabled! 
13:05:27.083 DEBUG Skipping slash command guildinfo. Disabled! 
13:05:27.182 DEBUG Skipping command bot. Disabled! 
13:05:27.208 DEBUG Skipping command info. Disabled! 
13:05:27.269 DEBUG Skipping slash command uptime. Disabled! 
13:05:27.292 DEBUG Skipping slash command userinfo. Disabled! 
13:05:27.423 DEBUG Skipping slash command deafen. Disabled! 
13:05:27.424 DEBUG Skipping slash command disconnect. Disabled! 
13:05:27.427 DEBUG Skipping slash command move. Disabled! 
13:05:27.431 DEBUG Skipping slash command purge. Disabled! 
13:05:27.431 DEBUG Skipping slash command purgeattach. Disabled! 
13:05:27.432 DEBUG Skipping slash command purgebots. Disabled! 
13:05:27.433 DEBUG Skipping slash command purgelinks. Disabled! 
13:05:27.439 DEBUG Skipping slash command purgetoken. Disabled! 
13:05:27.440 DEBUG Skipping slash command purgeuser. Disabled! 
13:05:27.443 DEBUG Skipping command purge. Disabled! 
13:05:27.444 DEBUG Skipping command voice. Disabled! 
13:05:27.446 DEBUG Skipping slash command undeafen. Disabled! 
13:05:27.448 DEBUG Skipping slash command vmute. Disabled! 
13:05:27.450 DEBUG Skipping slash command vunmute. Disabled! 
13:05:27.924 INFO  Loaded 94 commands 
13:05:27.924 INFO  Loaded 78 slash commands 
13:05:27.926 INFO  Loading contexts... 
13:05:27.997 INFO  Loaded 2 USER contexts 
13:05:27.998 INFO  Loaded 0 MESSAGE contexts 
13:05:28.019 INFO  Loading events... 
13:05:28.945 INFO  Loaded 22 events. Success (22) Failed (0) 
13:05:30.117 INFO  VersionCheck: Your discord bot is up to date 
13:05:30.121 INFO  Validating config.js and environment variables 
13:05:30.132 INFO  Connecting to MongoDb... 
13:05:32.635 INFO  Mongoose: Database connection established 
13:05:37.881 INFO  Logged in as Mocy#5428! (936627481442672710) 
13:05:37.882 INFO  Initializing music manager 
13:05:38.766 INFO  Successfully registered slash commands 
13:05:38.886 INFO  Node "lavalink-repl.parasop.repl.co" connected 
14:20:41.700 INFO  Loading commands... 
14:20:42.163 DEBUG Skipping slash command avatar. Disabled! 
14:20:42.185 DEBUG Skipping slash command botinvite. Disabled! 
14:20:42.206 DEBUG Skipping slash command botstats. Disabled! 
14:20:42.207 DEBUG Skipping slash command channelinfo. Disabled! 
14:20:42.222 DEBUG Skipping slash command emojiinfo. Disabled! 
14:20:42.223 DEBUG Skipping slash command guildinfo. Disabled! 
14:20:42.271 DEBUG Skipping command bot. Disabled! 
14:20:42.272 DEBUG Skipping command info. Disabled! 
14:20:42.273 DEBUG Skipping slash command uptime. Disabled! 
14:20:42.273 DEBUG Skipping slash command userinfo. Disabled! 
14:20:42.340 DEBUG Skipping slash command deafen. Disabled! 
14:20:42.341 DEBUG Skipping slash command disconnect. Disabled! 
14:20:42.344 DEBUG Skipping slash command move. Disabled! 
14:20:42.346 DEBUG Skipping slash command purge. Disabled! 
14:20:42.347 DEBUG Skipping slash command purgeattach. Disabled! 
14:20:42.348 DEBUG Skipping slash command purgebots. Disabled! 
14:20:42.350 DEBUG Skipping slash command purgelinks. Disabled! 
14:20:42.350 DEBUG Skipping slash command purgetoken. Disabled! 
14:20:42.351 DEBUG Skipping slash command purgeuser. Disabled! 
14:20:42.364 DEBUG Skipping command purge. Disabled! 
14:20:42.364 DEBUG Skipping command voice. Disabled! 
14:20:42.366 DEBUG Skipping slash command undeafen. Disabled! 
14:20:42.378 DEBUG Skipping slash command vmute. Disabled! 
14:20:42.381 DEBUG Skipping slash command vunmute. Disabled! 
14:20:42.507 INFO  Loaded 94 commands 
14:20:42.509 INFO  Loaded 78 slash commands 
14:20:42.512 INFO  Loading contexts... 
14:20:42.520 INFO  Loaded 2 USER contexts 
14:20:42.520 INFO  Loaded 0 MESSAGE contexts 
14:20:42.521 INFO  Loading events... 
14:20:42.763 INFO  Loaded 22 events. Success (22) Failed (0) 
14:20:43.569 INFO  VersionCheck: Your discord bot is up to date 
14:20:43.575 INFO  Validating config.js and environment variables 
14:20:43.578 INFO  Connecting to MongoDb... 
14:20:45.253 INFO  Mongoose: Database connection established 
